# JRE version: OpenJDK Runtime Environment (21.0.3) (build 21.0.3+-12282718-b509.11)
# Java VM: OpenJDK 64-Bit Server VM (21.0.3+-12282718-b509.11, mixed mode, tiered, compressed oops, compressed class ptrs, g1 gc, windows-amd64)
GC Precious Log:
 CardTable entry size: 512
 Card Set container configuration: InlinePtr #cards 4 size 8 Array Of Cards #cards 16 size 48 Howl #buckets 8 coarsen threshold 3686 Howl Bitmap #cards 512 size 80 coarsen threshold 460 Card regions per heap region 1 cards per card region 4096
 CPUs: 8 total, 8 available
 Memory: 15724M
 Large Page Support: Disabled
 NUMA Support: Disabled
 Compressed Oops: Enabled (Zero based)
 Heap Region Size: 2M
 Heap Min Capacity: 8M
 Heap Initial Capacity: 246M
 Heap Max Capacity: 3932M
 Pre-touch: Disabled
 Parallel Workers: 8
 Concurrent Workers: 2
 Concurrent Refinement Workers: 8
 Periodic GC: Disabled
Heap:
 garbage-first heap   total 180224K, used 88064K [0x000000070a400000, 0x0000000800000000)
  region size 2048K, 11 young (22528K), 5 survivors (10240K)
 Metaspace       used 69504K, committed 69824K, reserved 1114112K
  class space    used 7700K, committed 7808K, reserved 1048576K
GC Heap History (20 events):
Event: 0.898 GC heap before
{Heap before GC invocations=3 (full 0):
 garbage-first heap   total 34816K, used 34615K [0x000000070a400000, 0x0000000800000000)
  region size 2048K, 15 young (30720K), 2 survivors (4096K)
 Metaspace       used 25441K, committed 25664K, reserved 1114112K
  class space    used 2733K, committed 2816K, reserved 1048576K
}
Event: 0.906 GC heap after
{Heap after GC invocations=4 (full 0):
 garbage-first heap   total 47104K, used 15061K [0x000000070a400000, 0x0000000800000000)
  region size 2048K, 5 young (10240K), 5 survivors (10240K)
 Metaspace       used 25441K, committed 25664K, reserved 1114112K
  class space    used 2733K, committed 2816K, reserved 1048576K
}
Event: 1.069 GC heap before
{Heap before GC invocations=4 (full 0):
 garbage-first heap   total 47104K, used 31445K [0x000000070a400000, 0x0000000800000000)
  region size 2048K, 13 young (26624K), 5 survivors (10240K)
 Metaspace       used 30533K, committed 30784K, reserved 1114112K
  class space    used 3783K, committed 3904K, reserved 1048576K
}
Event: 1.078 GC heap after
{Heap after GC invocations=5 (full 0):
 garbage-first heap   total 47104K, used 18039K [0x000000070a400000, 0x0000000800000000)
  region size 2048K, 1 young (2048K), 1 survivors (2048K)
 Metaspace       used 30533K, committed 30784K, reserved 1114112K
  class space    used 3783K, committed 3904K, reserved 1048576K
}
Event: 1.224 GC heap before
{Heap before GC invocations=5 (full 0):
 garbage-first heap   total 47104K, used 36471K [0x000000070a400000, 0x0000000800000000)
  region size 2048K, 10 young (20480K), 1 survivors (2048K)
 Metaspace       used 34378K, committed 34624K, reserved 1114112K
  class space    used 4177K, committed 4288K, reserved 1048576K
}
Event: 1.226 GC heap after
{Heap after GC invocations=6 (full 0):
 garbage-first heap   total 47104K, used 18578K [0x000000070a400000, 0x0000000800000000)
  region size 2048K, 2 young (4096K), 2 survivors (4096K)
 Metaspace       used 34378K, committed 34624K, reserved 1114112K
  class space    used 4177K, committed 4288K, reserved 1048576K
}
Event: 1.271 GC heap before
{Heap before GC invocations=6 (full 0):
 garbage-first heap   total 47104K, used 22674K [0x000000070a400000, 0x0000000800000000)
  region size 2048K, 5 young (10240K), 2 survivors (4096K)
 Metaspace       used 35748K, committed 35968K, reserved 1114112K
  class space    used 4316K, committed 4416K, reserved 1048576K
}
Event: 1.274 GC heap after
{Heap after GC invocations=7 (full 0):
 garbage-first heap   total 47104K, used 18997K [0x000000070a400000, 0x0000000800000000)
  region size 2048K, 1 young (2048K), 1 survivors (2048K)
 Metaspace       used 35748K, committed 35968K, reserved 1114112K
  class space    used 4316K, committed 4416K, reserved 1048576K
}
Event: 1.459 GC heap before
{Heap before GC invocations=8 (full 0):
 garbage-first heap   total 47104K, used 37429K [0x000000070a400000, 0x0000000800000000)
  region size 2048K, 10 young (20480K), 1 survivors (2048K)
 Metaspace       used 40701K, committed 40960K, reserved 1114112K
  class space    used 4836K, committed 4928K, reserved 1048576K
}
Event: 1.462 GC heap after
{Heap after GC invocations=9 (full 0):
 garbage-first heap   total 149504K, used 19504K [0x000000070a400000, 0x0000000800000000)
  region size 2048K, 2 young (4096K), 2 survivors (4096K)
 Metaspace       used 40701K, committed 40960K, reserved 1114112K
  class space    used 4836K, committed 4928K, reserved 1048576K
}
Event: 2.294 GC heap before
{Heap before GC invocations=9 (full 0):
 garbage-first heap   total 149504K, used 101424K [0x000000070a400000, 0x0000000800000000)
  region size 2048K, 43 young (88064K), 2 survivors (4096K)
 Metaspace       used 50594K, committed 50944K, reserved 1114112K
  class space    used 5939K, committed 6080K, reserved 1048576K
}
Event: 2.315 GC heap after
{Heap after GC invocations=10 (full 0):
 garbage-first heap   total 149504K, used 38159K [0x000000070a400000, 0x0000000800000000)
  region size 2048K, 6 young (12288K), 6 survivors (12288K)
 Metaspace       used 50594K, committed 50944K, reserved 1114112K
  class space    used 5939K, committed 6080K, reserved 1048576K
}
Event: 2.824 GC heap before
{Heap before GC invocations=10 (full 0):
 garbage-first heap   total 149504K, used 93455K [0x000000070a400000, 0x0000000800000000)
  region size 2048K, 33 young (67584K), 6 survivors (12288K)
 Metaspace       used 53803K, committed 54080K, reserved 1114112K
  class space    used 6297K, committed 6400K, reserved 1048576K
}
Event: 2.837 GC heap after
{Heap after GC invocations=11 (full 0):
 garbage-first heap   total 149504K, used 52287K [0x000000070a400000, 0x0000000800000000)
  region size 2048K, 5 young (10240K), 5 survivors (10240K)
 Metaspace       used 53803K, committed 54080K, reserved 1114112K
  class space    used 6297K, committed 6400K, reserved 1048576K
}
Event: 3.339 GC heap before
{Heap before GC invocations=11 (full 0):
 garbage-first heap   total 149504K, used 103487K [0x000000070a400000, 0x0000000800000000)
  region size 2048K, 30 young (61440K), 5 survivors (10240K)
 Metaspace       used 57493K, committed 57792K, reserved 1114112K
  class space    used 6608K, committed 6720K, reserved 1048576K
}
Event: 3.354 GC heap after
{Heap after GC invocations=12 (full 0):
 garbage-first heap   total 149504K, used 63488K [0x000000070a400000, 0x0000000800000000)
  region size 2048K, 4 young (8192K), 4 survivors (8192K)
 Metaspace       used 57493K, committed 57792K, reserved 1114112K
  class space    used 6608K, committed 6720K, reserved 1048576K
}
Event: 3.586 GC heap before
{Heap before GC invocations=12 (full 0):
 garbage-first heap   total 149504K, used 86016K [0x000000070a400000, 0x0000000800000000)
  region size 2048K, 16 young (32768K), 4 survivors (8192K)
 Metaspace       used 60239K, committed 60480K, reserved 1114112K
  class space    used 6858K, committed 6976K, reserved 1048576K
}
Event: 3.595 GC heap after
{Heap after GC invocations=13 (full 0):
 garbage-first heap   total 180224K, used 68893K [0x000000070a400000, 0x0000000800000000)
  region size 2048K, 2 young (4096K), 2 survivors (4096K)
 Metaspace       used 60239K, committed 60480K, reserved 1114112K
  class space    used 6858K, committed 6976K, reserved 1048576K
}
Event: 4.462 GC heap before
{Heap before GC invocations=14 (full 0):
 garbage-first heap   total 180224K, used 138525K [0x000000070a400000, 0x0000000800000000)
  region size 2048K, 36 young (73728K), 2 survivors (4096K)
 Metaspace       used 68965K, committed 69312K, reserved 1114112K
  class space    used 7657K, committed 7808K, reserved 1048576K
}
Event: 4.472 GC heap after
{Heap after GC invocations=15 (full 0):
 garbage-first heap   total 180224K, used 77824K [0x000000070a400000, 0x0000000800000000)
  region size 2048K, 5 young (10240K), 5 survivors (10240K)
 Metaspace       used 68965K, committed 69312K, reserved 1114112K
  class space    used 7657K, committed 7808K, reserved 1048576K
}

